<?xml version="1.0" encoding="UTF-8"?>
<testsuite name="com.example.CarPoolApp.CarPoolAppApplicationTests" tests="1" skipped="0" failures="0" errors="0" timestamp="2019-12-02T03:08:46" hostname="DESKTOP-LVU1AQT" time="0.047">
  <properties/>
  <testcase name="contextLoads()" classname="com.example.CarPoolApp.CarPoolAppApplicationTests" time="0.047"/>
  <system-out><![CDATA[21:08:43.076 [Test worker] DEBUG org.springframework.test.context.BootstrapUtils - Instantiating CacheAwareContextLoaderDelegate from class [org.springframework.test.context.cache.DefaultCacheAwareContextLoaderDelegate]
21:08:43.091 [Test worker] DEBUG org.springframework.test.context.BootstrapUtils - Instantiating BootstrapContext using constructor [public org.springframework.test.context.support.DefaultBootstrapContext(java.lang.Class,org.springframework.test.context.CacheAwareContextLoaderDelegate)]
21:08:43.113 [Test worker] DEBUG org.springframework.test.context.BootstrapUtils - Instantiating TestContextBootstrapper for test class [com.example.CarPoolApp.CarPoolAppApplicationTests] from class [org.springframework.boot.test.context.SpringBootTestContextBootstrapper]
21:08:43.127 [Test worker] INFO org.springframework.boot.test.context.SpringBootTestContextBootstrapper - Neither @ContextConfiguration nor @ContextHierarchy found for test class [com.example.CarPoolApp.CarPoolAppApplicationTests], using SpringBootContextLoader
21:08:43.130 [Test worker] DEBUG org.springframework.test.context.support.AbstractContextLoader - Did not detect default resource location for test class [com.example.CarPoolApp.CarPoolAppApplicationTests]: class path resource [com/example/CarPoolApp/CarPoolAppApplicationTests-context.xml] does not exist
21:08:43.130 [Test worker] DEBUG org.springframework.test.context.support.AbstractContextLoader - Did not detect default resource location for test class [com.example.CarPoolApp.CarPoolAppApplicationTests]: class path resource [com/example/CarPoolApp/CarPoolAppApplicationTestsContext.groovy] does not exist
21:08:43.130 [Test worker] INFO org.springframework.test.context.support.AbstractContextLoader - Could not detect default resource locations for test class [com.example.CarPoolApp.CarPoolAppApplicationTests]: no resource found for suffixes {-context.xml, Context.groovy}.
21:08:43.131 [Test worker] INFO org.springframework.test.context.support.AnnotationConfigContextLoaderUtils - Could not detect default configuration classes for test class [com.example.CarPoolApp.CarPoolAppApplicationTests]: CarPoolAppApplicationTests does not declare any static, non-private, non-final, nested classes annotated with @Configuration.
21:08:43.160 [Test worker] DEBUG org.springframework.test.context.support.ActiveProfilesUtils - Could not find an 'annotation declaring class' for annotation type [org.springframework.test.context.ActiveProfiles] and class [com.example.CarPoolApp.CarPoolAppApplicationTests]
21:08:43.212 [Test worker] DEBUG org.springframework.context.annotation.ClassPathScanningCandidateComponentProvider - Identified candidate component class: file [C:\Users\jakea\git\CarPool\build\classes\java\main\com\example\CarPoolApp\CarPoolAppApplication.class]
21:08:43.215 [Test worker] INFO org.springframework.boot.test.context.SpringBootTestContextBootstrapper - Found @SpringBootConfiguration com.example.CarPoolApp.CarPoolAppApplication for test class com.example.CarPoolApp.CarPoolAppApplicationTests
21:08:43.299 [Test worker] DEBUG org.springframework.boot.test.context.SpringBootTestContextBootstrapper - @TestExecutionListeners is not present for class [com.example.CarPoolApp.CarPoolAppApplicationTests]: using defaults.
21:08:43.300 [Test worker] INFO org.springframework.boot.test.context.SpringBootTestContextBootstrapper - Loaded default TestExecutionListener class names from location [META-INF/spring.factories]: [org.springframework.boot.test.autoconfigure.restdocs.RestDocsTestExecutionListener, org.springframework.boot.test.autoconfigure.web.client.MockRestServiceServerResetTestExecutionListener, org.springframework.boot.test.autoconfigure.web.servlet.MockMvcPrintOnlyOnFailureTestExecutionListener, org.springframework.boot.test.autoconfigure.web.servlet.WebDriverTestExecutionListener, org.springframework.boot.test.mock.mockito.MockitoTestExecutionListener, org.springframework.boot.test.mock.mockito.ResetMocksTestExecutionListener, org.springframework.test.context.web.ServletTestExecutionListener, org.springframework.test.context.support.DirtiesContextBeforeModesTestExecutionListener, org.springframework.test.context.support.DependencyInjectionTestExecutionListener, org.springframework.test.context.support.DirtiesContextTestExecutionListener, org.springframework.test.context.transaction.TransactionalTestExecutionListener, org.springframework.test.context.jdbc.SqlScriptsTestExecutionListener, org.springframework.test.context.event.EventPublishingTestExecutionListener]
21:08:43.323 [Test worker] INFO org.springframework.boot.test.context.SpringBootTestContextBootstrapper - Using TestExecutionListeners: [org.springframework.test.context.web.ServletTestExecutionListener@17b4681, org.springframework.test.context.support.DirtiesContextBeforeModesTestExecutionListener@14b19a3, org.springframework.boot.test.mock.mockito.MockitoTestExecutionListener@11acee9, org.springframework.boot.test.autoconfigure.SpringBootDependencyInjectionTestExecutionListener@1244491, org.springframework.test.context.support.DirtiesContextTestExecutionListener@1256fa, org.springframework.test.context.transaction.TransactionalTestExecutionListener@1c1cdda, org.springframework.test.context.jdbc.SqlScriptsTestExecutionListener@bb308d, org.springframework.test.context.event.EventPublishingTestExecutionListener@104e807, org.springframework.boot.test.autoconfigure.restdocs.RestDocsTestExecutionListener@1d7c85b, org.springframework.boot.test.autoconfigure.web.client.MockRestServiceServerResetTestExecutionListener@c77766, org.springframework.boot.test.autoconfigure.web.servlet.MockMvcPrintOnlyOnFailureTestExecutionListener@1870aab, org.springframework.boot.test.autoconfigure.web.servlet.WebDriverTestExecutionListener@1fd8b8c, org.springframework.boot.test.mock.mockito.ResetMocksTestExecutionListener@b91cf8]
21:08:43.326 [Test worker] DEBUG org.springframework.test.context.support.AbstractDirtiesContextTestExecutionListener - Before test class: context [DefaultTestContext@12ebaed testClass = CarPoolAppApplicationTests, testInstance = [null], testMethod = [null], testException = [null], mergedContextConfiguration = [WebMergedContextConfiguration@1c9d895 testClass = CarPoolAppApplicationTests, locations = '{}', classes = '{class com.example.CarPoolApp.CarPoolAppApplication}', contextInitializerClasses = '[]', activeProfiles = '{}', propertySourceLocations = '{}', propertySourceProperties = '{org.springframework.boot.test.context.SpringBootTestContextBootstrapper=true}', contextCustomizers = set[org.springframework.boot.test.autoconfigure.properties.PropertyMappingContextCustomizer@0, org.springframework.boot.test.autoconfigure.web.servlet.WebDriverContextCustomizerFactory$Customizer@1b37a1d, org.springframework.boot.test.context.filter.ExcludeFilterContextCustomizer@935a6e, org.springframework.boot.test.json.DuplicateJsonObjectContextCustomizerFactory$DuplicateJsonObjectContextCustomizer@135d997, org.springframework.boot.test.mock.mockito.MockitoContextCustomizer@0, org.springframework.boot.test.web.client.TestRestTemplateContextCustomizer@185e02d], resourceBasePath = 'src/main/webapp', contextLoader = 'org.springframework.boot.test.context.SpringBootContextLoader', parent = [null]], attributes = map['org.springframework.test.context.web.ServletTestExecutionListener.activateListener' -> true]], class annotated with @DirtiesContext [false] with mode [null].
21:08:43.362 [Test worker] DEBUG org.springframework.test.context.support.TestPropertySourceUtils - Adding inlined properties to environment: {spring.jmx.enabled=false, org.springframework.boot.test.context.SpringBootTestContextBootstrapper=true, server.port=-1}

  .   ____          _            __ _ _
 /\\ / ___'_ __ _ _(_)_ __  __ _ \ \ \ \
( ( )\___ | '_ | '_| | '_ \/ _` | \ \ \ \
 \\/  ___)| |_)| | | | | || (_| |  ) ) ) )
  '  |____| .__|_| |_|_| |_\__, | / / / /
 =========|_|==============|___/=/_/_/_/
 :: Spring Boot ::        (v2.2.1.RELEASE)

2019-12-01 21:08:43.565  INFO 16456 --- [    Test worker] c.e.C.CarPoolAppApplicationTests         : Starting CarPoolAppApplicationTests on DESKTOP-LVU1AQT with PID 16456 (started by jakea in C:\Users\jakea\git\CarPool)
2019-12-01 21:08:43.566  INFO 16456 --- [    Test worker] c.e.C.CarPoolAppApplicationTests         : No active profile set, falling back to default profiles: default
2019-12-01 21:08:44.024  INFO 16456 --- [    Test worker] .s.d.r.c.RepositoryConfigurationDelegate : Bootstrapping Spring Data repositories in DEFAULT mode.
2019-12-01 21:08:44.043  INFO 16456 --- [    Test worker] .s.d.r.c.RepositoryConfigurationDelegate : Finished Spring Data repository scanning in 10ms. Found 0 repository interfaces.
2019-12-01 21:08:44.343  INFO 16456 --- [    Test worker] trationDelegate$BeanPostProcessorChecker : Bean 'org.springframework.transaction.annotation.ProxyTransactionManagementConfiguration' of type [org.springframework.transaction.annotation.ProxyTransactionManagementConfiguration] is not eligible for getting processed by all BeanPostProcessors (for example: not eligible for auto-proxying)
2019-12-01 21:08:44.529  INFO 16456 --- [    Test worker] o.hibernate.jpa.internal.util.LogHelper  : HHH000204: Processing PersistenceUnitInfo [name: default]
2019-12-01 21:08:44.595  INFO 16456 --- [    Test worker] org.hibernate.Version                    : HHH000412: Hibernate Core {5.4.8.Final}
2019-12-01 21:08:44.740  INFO 16456 --- [    Test worker] o.hibernate.annotations.common.Version   : HCANN000001: Hibernate Commons Annotations {5.1.0.Final}
2019-12-01 21:08:44.857  INFO 16456 --- [    Test worker] com.zaxxer.hikari.HikariDataSource       : HikariPool-1 - Starting...
2019-12-01 21:08:45.342  INFO 16456 --- [    Test worker] com.zaxxer.hikari.HikariDataSource       : HikariPool-1 - Start completed.
2019-12-01 21:08:45.365  INFO 16456 --- [    Test worker] org.hibernate.dialect.Dialect            : HHH000400: Using dialect: org.hibernate.dialect.MySQL8Dialect
2019-12-01 21:08:45.622  INFO 16456 --- [    Test worker] o.h.e.t.j.p.i.JtaPlatformInitiator       : HHH000490: Using JtaPlatform implementation: [org.hibernate.engine.transaction.jta.platform.internal.NoJtaPlatform]
2019-12-01 21:08:45.628  INFO 16456 --- [    Test worker] j.LocalContainerEntityManagerFactoryBean : Initialized JPA EntityManagerFactory for persistence unit 'default'
2019-12-01 21:08:45.864  WARN 16456 --- [    Test worker] JpaBaseConfiguration$JpaWebConfiguration : spring.jpa.open-in-view is enabled by default. Therefore, database queries may be performed during view rendering. Explicitly configure spring.jpa.open-in-view to disable this warning
2019-12-01 21:08:46.056  INFO 16456 --- [    Test worker] o.s.s.concurrent.ThreadPoolTaskExecutor  : Initializing ExecutorService 'applicationTaskExecutor'
2019-12-01 21:08:46.338  INFO 16456 --- [    Test worker] c.e.C.CarPoolAppApplicationTests         : Started CarPoolAppApplicationTests in 2.969 seconds (JVM running for 3.943)
]]></system-out>
  <system-err><![CDATA[]]></system-err>
</testsuite>
